<?xml version="1.0" encoding="UTF-8"?>
<testsuite xmlns:xsi="http://www.w3.org/2001/XMLSchema-instance" xsi:noNamespaceSchemaLocation="https://maven.apache.org/surefire/maven-surefire-plugin/xsd/surefire-test-report.xsd" name="org.Facebook.TestRunner" time="33.789" tests="2" errors="0" skipped="0" failures="0">
  <properties>
[...]
</properties>
  <testcase name="creating new FB Account" classname="facebook" time="16.737"/>
  <testcase name="creating new FB Account" classname="facebook" time="16.454"/>
</testsuite>